<?xml version="1.0" encoding="UTF-8"?>
<!-- Generated by org.testng.reporters.JUnitReportReporter -->
<testsuite hostname="Shital_Sangale" failures="0" tests="1" name="salesPackage.Flipcart1" time="21.350" errors="0" timestamp="2023-08-02T15:16:30 IST" skipped="0">
  <testcase classname="salesPackage.Flipcart1" name="flipcarttest" time="21.350"/>
  <system-out>
    <![CDATA[opening flipcart]]>
  </system-out>
</testsuite> <!-- salesPackage.Flipcart1 -->
