<?xml version="1.0" encoding="UTF-8"?>
<!-- Generated by org.testng.reporters.JUnitReportReporter -->
<testsuite hostname="Shital_Sangale" failures="0" tests="1" name="salesPackage.Myntra1" time="27.115" errors="0" timestamp="2023-08-03T07:50:32 IST" skipped="0">
  <testcase classname="salesPackage.Myntra1" name="myntratest" time="27.115"/>
  <system-out>
    <![CDATA[myntra opening]]>
  </system-out>
</testsuite> <!-- salesPackage.Myntra1 -->
