<?xml version="1.0" encoding="UTF-8"?>
<!-- Generated by org.testng.reporters.JUnitReportReporter -->
<testsuite hostname="Shital_Sangale" failures="0" tests="1" name="salesPackage.Amazon1" time="21.700" errors="0" timestamp="2023-08-02T15:16:30 IST" skipped="0">
  <testcase classname="salesPackage.Amazon1" name="amazonTest" time="21.700"/>
  <system-out>
    <![CDATA[opening amazon]]>
  </system-out>
</testsuite> <!-- salesPackage.Amazon1 -->
