<?xml version="1.0" encoding="UTF-8"?>
<!-- Generated by org.testng.reporters.JUnitReportReporter -->
<testsuite hostname="Shital_Sangale" failures="0" tests="1" name="salesPackage.Ajio1" time="38.977" errors="0" timestamp="2023-08-02T21:49:00 IST" skipped="0">
  <testcase classname="salesPackage.Ajio1" name="ajiotest" time="38.977"/>
  <system-out>
    <![CDATA[opening ajio]]>
  </system-out>
</testsuite> <!-- salesPackage.Ajio1 -->
